-------------------------------------------------------------------------------
Test set: com.caseStudy.Cart.ApplicationTests
-------------------------------------------------------------------------------
Tests run: 1, Failures: 0, Errors: 1, Skipped: 0, Time elapsed: 7.545 s <<< FAILURE! - in com.caseStudy.Cart.ApplicationTests
contextLoads(com.caseStudy.Cart.ApplicationTests)  Time elapsed: 0 s  <<< ERROR!
java.lang.IllegalStateException: Failed to load ApplicationContext
Caused by: org.springframework.beans.factory.BeanCreationException: Error creating bean with name 'entityManagerFactory' defined in class path resource [org/springframework/boot/autoconfigure/orm/jpa/HibernateJpaConfiguration.class]: Initialization of bean failed; nested exception is org.springframework.boot.context.properties.source.InvalidConfigurationPropertyValueException: Property spring.datasource.data with value 'class path resource [data.sql]' is invalid: The specified resource does not exist.
Caused by: org.springframework.boot.context.properties.source.InvalidConfigurationPropertyValueException: Property spring.datasource.data with value 'class path resource [data.sql]' is invalid: The specified resource does not exist.

